\BOOKMARK [1][-]{section.1}{常用词汇和表达}{}% 1
\BOOKMARK [1][-]{section.2}{名詞}{}% 2
\BOOKMARK [2][-]{subsection.2.1}{形式名詞}{section.2}% 3
\BOOKMARK [1][-]{section.3}{動詞}{}% 4
\BOOKMARK [2][-]{subsection.3.1}{动词的分类}{section.3}% 5
\BOOKMARK [2][-]{subsection.3.2}{动词的活用形}{section.3}% 6
\BOOKMARK [2][-]{subsection.3.3}{五段动词的音便}{section.3}% 7
\BOOKMARK [1][-]{section.4}{形容詞}{}% 8
\BOOKMARK [2][-]{subsection.4.1}{形容词的分类}{section.4}% 9
\BOOKMARK [2][-]{subsection.4.2}{形容词的活用}{section.4}% 10
\BOOKMARK [2][-]{subsection.4.3}{補助形容詞}{section.4}% 11
\BOOKMARK [1][-]{section.5}{形容動詞}{}% 12
\BOOKMARK [2][-]{subsection.5.1}{形容动词的分类}{section.5}% 13
\BOOKMARK [2][-]{subsection.5.2}{形容动词的活用}{section.5}% 14
\BOOKMARK [1][-]{section.6}{助動詞}{}% 15
\BOOKMARK [2][-]{subsection.6.1}{构成敬体的助动词}{section.6}% 16
\BOOKMARK [3][-]{subsubsection.6.1.1}{ます}{subsection.6.1}% 17
\BOOKMARK [3][-]{subsubsection.6.1.2}{です}{subsection.6.1}% 18
\BOOKMARK [2][-]{subsection.6.2}{表示各种陈述方式的助动词}{section.6}% 19
\BOOKMARK [3][-]{subsubsection.6.2.1}{たい}{subsection.6.2}% 20
\BOOKMARK [1][-]{section.7}{助詞}{}% 21
\BOOKMARK [2][-]{subsection.7.1}{格助詞}{section.7}% 22
\BOOKMARK [2][-]{subsection.7.2}{語気助詞}{section.7}% 23
\BOOKMARK [2][-]{subsection.7.3}{並立助詞}{section.7}% 24
\BOOKMARK [2][-]{subsection.7.4}{提示助詞}{section.7}% 25
\BOOKMARK [2][-]{subsection.7.5}{副助詞}{section.7}% 26
\BOOKMARK [2][-]{subsection.7.6}{接続助詞}{section.7}% 27
\BOOKMARK [1][-]{section.8}{文}{}% 28
\BOOKMARK [2][-]{subsection.8.1}{断定文}{section.8}% 29
\BOOKMARK [2][-]{subsection.8.2}{描写文}{section.8}% 30
\BOOKMARK [2][-]{subsection.8.3}{叙述文}{section.8}% 31
\BOOKMARK [2][-]{subsection.8.4}{存在文}{section.8}% 32
\BOOKMARK [1][-]{section.9}{新しい単語}{}% 33
\BOOKMARK [2][-]{subsection.9.1}{名詞}{section.9}% 34
\BOOKMARK [2][-]{subsection.9.2}{動詞}{section.9}% 35
\BOOKMARK [2][-]{subsection.9.3}{形容詞}{section.9}% 36
\BOOKMARK [2][-]{subsection.9.4}{形容動詞}{section.9}% 37
\BOOKMARK [2][-]{subsection.9.5}{副詞}{section.9}% 38
\BOOKMARK [2][-]{subsection.9.6}{接続詞}{section.9}% 39
